-------------------------------------------------------------------------------
Test set: com.trabalhoTsi.JPetSotre.Account.AccountApplicationTests
-------------------------------------------------------------------------------
Tests run: 1, Failures: 0, Errors: 1, Skipped: 0, Time elapsed: 38.679 s <<< FAILURE! - in com.trabalhoTsi.JPetSotre.Account.AccountApplicationTests
contextLoads(com.trabalhoTsi.JPetSotre.Account.AccountApplicationTests)  Time elapsed: 0.015 s  <<< ERROR!
java.lang.IllegalStateException: Failed to load ApplicationContext
Caused by: org.springframework.beans.factory.UnsatisfiedDependencyException: Error creating bean with name 'accountRest': Unsatisfied dependency expressed through field 'service'; nested exception is org.springframework.beans.factory.NoSuchBeanDefinitionException: No qualifying bean of type 'com.trabalhoTsi.JPetSotre.Account.service.IAccountService' available: expected at least 1 bean which qualifies as autowire candidate. Dependency annotations: {@org.springframework.beans.factory.annotation.Autowired(required=true)}
Caused by: org.springframework.beans.factory.NoSuchBeanDefinitionException: No qualifying bean of type 'com.trabalhoTsi.JPetSotre.Account.service.IAccountService' available: expected at least 1 bean which qualifies as autowire candidate. Dependency annotations: {@org.springframework.beans.factory.annotation.Autowired(required=true)}

